#
# There is insufficient memory for the Java Runtime Environment to continue.
# Native memory allocation (malloc) failed to allocate 132192 bytes for Chunk::new
# Possible reasons:
#   The system is out of physical RAM or swap space
#   The process is running with CompressedOops enabled, and the Java Heap may be blocking the growth of the native heap
# Possible solutions:
#   Reduce memory load on the system
#   Increase physical memory or swap space
#   Check if swap backing store is full
#   Decrease Java heap size (-Xmx/-Xms)
#   Decrease number of Java threads
#   Decrease Java thread stack sizes (-Xss)
#   Set larger code cache with -XX:ReservedCodeCacheSize=
#   JVM is running with Unscaled Compressed Oops mode in which the Java heap is
#     placed in the first 4GB address space. The Java Heap base address is the
#     maximum limit for the native heap growth. Please use -XX:HeapBaseMinAddress
#     to set the Java Heap base and to place the Java Heap above 4GB virtual address.
# This output file may be truncated or incomplete.
#
#  Out of Memory Error (arena.cpp:184), pid=13892, tid=3996
#
# JRE version: Java(TM) SE Runtime Environment (19.0.2+7) (build 19.0.2+7-44)
# Java VM: Java HotSpot(TM) 64-Bit Server VM (19.0.2+7-44, mixed mode, sharing, tiered, compressed oops, compressed class ptrs, g1 gc, windows-amd64)
# No core dump will be written. Minidumps are not enabled by default on client versions of Windows
#

---------------  S U M M A R Y ------------

Command Line: -ea -Dfile.encoding=UTF-8 -XX:+ShowCodeDetailsInExceptionMessages org.testng.remote.RemoteTestNG -serport 49585 -protocol json -d C:\Users\Rajesh\Documents\workspace-spring-tool-suite-4-4.16.0.RELEASE\dipali1\test-output C:\Users\Rajesh\AppData\Local\Temp\testng-eclipse-660815059\testng-customsuite.xml

Host: Intel(R) Core(TM) i5-8250U CPU @ 1.60GHz, 8 cores, 7G,  Windows 10 , 64 bit Build 19041 (10.0.19041.2546)
Time: Tue Mar 21 23:58:43 2023 India Standard Time elapsed time: 44.416101 seconds (0d 0h 0m 44s)

---------------  T H R E A D  ---------------

Current thread (0x000001793f10d0f0):  JavaThread "C2 CompilerThread0" daemon [_thread_in_native, id=3996, stack(0x0000002c19400000,0x0000002c19500000)]


Current CompileTask:
C2:  44416 3005       4       java.util.regex.Pattern$CharProperty::match (71 bytes)

Stack: [0x0000002c19400000,0x0000002c19500000]
Native frames: (J=compiled Java code, j=interpreted, Vv=VM code, C=native code)
V  [jvm.dll+0x6ee21a]
V  [jvm.dll+0x85765e]
V  [jvm.dll+0x85904e]
V  [jvm.dll+0x859703]
V  [jvm.dll+0x28298f]
V  [jvm.dll+0xc9adf]
V  [jvm.dll+0xc9e65]
V  [jvm.dll+0x3bca4c]
V  [jvm.dll+0x1edf25]
V  [jvm.dll+0x24c52b]
V  [jvm.dll+0x24b781]
V  [jvm.dll+0x1d6ce1]
V  [jvm.dll+0x25b25a]
V  [jvm.dll+0x2596e8]
V  [jvm.dll+0x807588]
V  [jvm.dll+0x80125a]
V  [jvm.dll+0x6ecf0b]
C  [ucrtbase.dll+0x21bb2]
C  [KERNEL32.DLL+0x17614]
C  [ntdll.dll+0x526a1]


---------------  P R O C E S S  ---------------

Threads class SMR info:
_java_thread_list=0x00000179448debd0, length=23, elements={
0x000001791e9666b0, 0x000001793f0fae80, 0x000001793f0fc5b0, 0x000001793f103620,
0x000001793f103f50, 0x000001793f1051c0, 0x000001793f106570, 0x000001793f10d0f0,
0x000001793f10ea70, 0x000001793f111d30, 0x00000179434f3bc0, 0x0000017943506e00,
0x0000017943ff75a0, 0x0000017943b1eae0, 0x0000017943b1f420, 0x0000017944361960,
0x0000017944421fd0, 0x0000017944a1fea0, 0x00000179445bf5b0, 0x00000179445be5c0,
0x00000179445beb10, 0x0000017943c19820, 0x00000179434505c0
}

Java Threads: ( => current thread )
  0x000001791e9666b0 JavaThread "main" [_thread_blocked, id=2008, stack(0x0000002c18700000,0x0000002c18800000)]
  0x000001793f0fae80 JavaThread "Reference Handler" daemon [_thread_blocked, id=11904, stack(0x0000002c18e00000,0x0000002c18f00000)]
  0x000001793f0fc5b0 JavaThread "Finalizer" daemon [_thread_blocked, id=17604, stack(0x0000002c18f00000,0x0000002c19000000)]
  0x000001793f103620 JavaThread "Signal Dispatcher" daemon [_thread_blocked, id=18056, stack(0x0000002c19000000,0x0000002c19100000)]
  0x000001793f103f50 JavaThread "Attach Listener" daemon [_thread_blocked, id=6184, stack(0x0000002c19100000,0x0000002c19200000)]
  0x000001793f1051c0 JavaThread "Service Thread" daemon [_thread_blocked, id=14988, stack(0x0000002c19200000,0x0000002c19300000)]
  0x000001793f106570 JavaThread "Monitor Deflation Thread" daemon [_thread_blocked, id=13500, stack(0x0000002c19300000,0x0000002c19400000)]
=>0x000001793f10d0f0 JavaThread "C2 CompilerThread0" daemon [_thread_in_native, id=3996, stack(0x0000002c19400000,0x0000002c19500000)]
  0x000001793f10ea70 JavaThread "C1 CompilerThread0" daemon [_thread_blocked, id=11644, stack(0x0000002c19500000,0x0000002c19600000)]
  0x000001793f111d30 JavaThread "Sweeper thread" daemon [_thread_blocked, id=2312, stack(0x0000002c19600000,0x0000002c19700000)]
  0x00000179434f3bc0 JavaThread "Notification Thread" daemon [_thread_blocked, id=5104, stack(0x0000002c19700000,0x0000002c19800000)]
  0x0000017943506e00 JavaThread "Common-Cleaner" daemon [_thread_blocked, id=15076, stack(0x0000002c19900000,0x0000002c19a00000)]
  0x0000017943ff75a0 JavaThread "ForkJoinPool.commonPool-worker-1" daemon [_thread_blocked, id=17804, stack(0x0000002c19d00000,0x0000002c19e00000)]
  0x0000017943b1eae0 JavaThread "ForkJoinPool.commonPool-worker-2" daemon [_thread_blocked, id=4184, stack(0x0000002c19e00000,0x0000002c19f00000)]
  0x0000017943b1f420 JavaThread "ForkJoinPool.commonPool-worker-3" daemon [_thread_blocked, id=15444, stack(0x0000002c19f00000,0x0000002c1a000000)]
  0x0000017944361960 JavaThread "Exec Default Executor" daemon [_thread_in_native, id=17240, stack(0x0000002c1a800000,0x0000002c1a900000)]
  0x0000017944421fd0 JavaThread "UrlChecker-2" daemon [_thread_blocked, id=11412, stack(0x0000002c1a900000,0x0000002c1aa00000)]
  0x0000017944a1fea0 JavaThread "Exec Stream Pumper" daemon [_thread_in_native, id=6564, stack(0x0000002c1aa00000,0x0000002c1ab00000)]
  0x00000179445bf5b0 JavaThread "Exec Stream Pumper" daemon [_thread_in_native, id=17848, stack(0x0000002c1ab00000,0x0000002c1ac00000)]
  0x00000179445be5c0 JavaThread "OkHttp ConnectionPool" daemon [_thread_blocked, id=17928, stack(0x0000002c1ac00000,0x0000002c1ad00000)]
  0x00000179445beb10 JavaThread "Okio Watchdog" daemon [_thread_blocked, id=7824, stack(0x0000002c1ad00000,0x0000002c1ae00000)]
  0x0000017943c19820 JavaThread "C2 CompilerThread1" daemon [_thread_blocked, id=11928, stack(0x0000002c19b00000,0x0000002c19c00000)]
  0x00000179434505c0 JavaThread "C2 CompilerThread2" daemon [_thread_blocked, id=16252, stack(0x0000002c1ae00000,0x0000002c1af00000)]

Other Threads:
  0x000001793f0df3b0 VMThread "VM Thread" [stack: 0x0000002c18d00000,0x0000002c18e00000] [id=13488]
  0x0000017943502140 WatcherThread "VM Periodic Task Thread" [stack: 0x0000002c19800000,0x0000002c19900000] [id=11612]
  0x000001791e9c6b50 WorkerThread "GC Thread#0" [stack: 0x0000002c18800000,0x0000002c18900000] [id=16924]
  0x0000017944473060 WorkerThread "GC Thread#1" [stack: 0x0000002c1a000000,0x0000002c1a100000] [id=2952]
  0x0000017944473330 WorkerThread "GC Thread#2" [stack: 0x0000002c1a100000,0x0000002c1a200000] [id=10968]
  0x0000017943fb8040 WorkerThread "GC Thread#3" [stack: 0x0000002c1a200000,0x0000002c1a300000] [id=2676]
  0x0000017943fb9b40 WorkerThread "GC Thread#4" [stack: 0x0000002c1a300000,0x0000002c1a400000] [id=17228]
  0x000001794436bf60 WorkerThread "GC Thread#5" [stack: 0x0000002c1a400000,0x0000002c1a500000] [id=14628]
  0x000001794436c230 WorkerThread "GC Thread#6" [stack: 0x0000002c1a500000,0x0000002c1a600000] [id=16592]
  0x000001794436c500 WorkerThread "GC Thread#7" [stack: 0x0000002c1a600000,0x0000002c1a700000] [id=12332]
  0x000001791e9d76f0 ConcurrentGCThread "G1 Main Marker" [stack: 0x0000002c18900000,0x0000002c18a00000] [id=16280]
  0x000001791e9d8a70 WorkerThread "G1 Conc#0" [stack: 0x0000002c18a00000,0x0000002c18b00000] [id=13248]
  0x000001791ea2e0b0 ConcurrentGCThread "G1 Refine#0" [stack: 0x0000002c18b00000,0x0000002c18c00000] [id=6996]
  0x000001791ea2ebf0 ConcurrentGCThread "G1 Service" [stack: 0x0000002c18c00000,0x0000002c18d00000] [id=14096]

Threads with active compile tasks:
C2 CompilerThread0    44554 3005       4       java.util.regex.Pattern$CharProperty::match (71 bytes)

VM state: not at safepoint (normal execution)

VM Mutex/Monitor currently owned by a thread: None

Heap address: 0x0000000081e00000, size: 2018 MB, Compressed Oops mode: 32-bit

CDS archive(s) mapped at: [0x0000000800000000-0x0000000800c40000-0x0000000800c40000), size 12845056, SharedBaseAddress: 0x0000000800000000, ArchiveRelocationMode: 0.
Compressed class space mapped at: 0x0000000801000000-0x0000000841000000, reserved size: 1073741824
Narrow klass base: 0x0000000800000000, Narrow klass shift: 0, Narrow klass range: 0x100000000

GC Precious Log:
 CardTable entry size: 512
 Card Set container configuration: InlinePtr #cards 5 size 8 Array Of Cards #cards 12 size 40 Howl #buckets 4 coarsen threshold 1843 Howl Bitmap #cards 512 size 80 coarsen threshold 460 Card regions per heap region 1 cards per card region 2048
 CPUs: 8 total, 8 available
 Memory: 8066M
 Large Page Support: Disabled
 NUMA Support: Disabled
 Compressed Oops: Enabled (32-bit)
 Heap Region Size: 1M
 Heap Min Capacity: 8M
 Heap Initial Capacity: 128M
 Heap Max Capacity: 2018M
 Pre-touch: Disabled
 Parallel Workers: 8
 Concurrent Workers: 2
 Concurrent Refinement Workers: 8
 Periodic GC: Disabled

Heap:
 garbage-first heap   total 131072K, used 48035K [0x0000000081e00000, 0x0000000100000000)
  region size 1024K, 41 young (41984K), 5 survivors (5120K)
 Metaspace       used 19663K, committed 19968K, reserved 1114112K
  class space    used 2286K, committed 2432K, reserved 1048576K

Heap Regions: E=young(eden), S=young(survivor), O=old, HS=humongous(starts), HC=humongous(continues), CS=collection set, F=free, OA=open archive, CA=closed archive, TAMS=top-at-mark-start (previous, next)
|   0|0x0000000081e00000, 0x0000000081f00000, 0x0000000081f00000|100%| O|  |TAMS 0x0000000081e00000, 0x0000000081e00000| Untracked 
|   1|0x0000000081f00000, 0x0000000082000000, 0x0000000082000000|100%| O|  |TAMS 0x0000000081f00000, 0x0000000081f00000| Untracked 
|   2|0x0000000082000000, 0x0000000082100000, 0x0000000082100000|100%| O|  |TAMS 0x0000000082000000, 0x0000000082000000| Untracked 
|   3|0x0000000082100000, 0x0000000082200000, 0x0000000082200000|100%| O|  |TAMS 0x0000000082100000, 0x0000000082100000| Untracked 
|   4|0x0000000082200000, 0x0000000082300000, 0x0000000082300000|100%| O|  |TAMS 0x0000000082200000, 0x0000000082200000| Untracked 
|   5|0x0000000082300000, 0x0000000082400000, 0x0000000082400000|100%| O|  |TAMS 0x0000000082300000, 0x0000000082300000| Untracked 
|   6|0x0000000082400000, 0x00000000824e8c00, 0x0000000082500000| 90%| O|  |TAMS 0x0000000082400000, 0x0000000082400000| Untracked 
|   7|0x0000000082500000, 0x0000000082500000, 0x0000000082600000|  0%| F|  |TAMS 0x0000000082500000, 0x0000000082500000| Untracked 
|   8|0x0000000082600000, 0x0000000082600000, 0x0000000082700000|  0%| F|  |TAMS 0x0000000082600000, 0x0000000082600000| Untracked 
|   9|0x0000000082700000, 0x0000000082700000, 0x0000000082800000|  0%| F|  |TAMS 0x0000000082700000, 0x0000000082700000| Untracked 
|  10|0x0000000082800000, 0x0000000082800000, 0x0000000082900000|  0%| F|  |TAMS 0x0000000082800000, 0x0000000082800000| Untracked 
|  11|0x0000000082900000, 0x0000000082900000, 0x0000000082a00000|  0%| F|  |TAMS 0x0000000082900000, 0x0000000082900000| Untracked 
|  12|0x0000000082a00000, 0x0000000082a00000, 0x0000000082b00000|  0%| F|  |TAMS 0x0000000082a00000, 0x0000000082a00000| Untracked 
|  13|0x0000000082b00000, 0x0000000082b00000, 0x0000000082c00000|  0%| F|  |TAMS 0x0000000082b00000, 0x0000000082b00000| Untracked 
|  14|0x0000000082c00000, 0x0000000082c00000, 0x0000000082d00000|  0%| F|  |TAMS 0x0000000082c00000, 0x0000000082c00000| Untracked 
|  15|0x0000000082d00000, 0x0000000082d00000, 0x0000000082e00000|  0%| F|  |TAMS 0x0000000082d00000, 0x0000000082d00000| Untracked 
|  16|0x0000000082e00000, 0x0000000082e00000, 0x0000000082f00000|  0%| F|  |TAMS 0x0000000082e00000, 0x0000000082e00000| Untracked 
|  17|0x0000000082f00000, 0x0000000082f00000, 0x0000000083000000|  0%| F|  |TAMS 0x0000000082f00000, 0x0000000082f00000| Untracked 
|  18|0x0000000083000000, 0x0000000083000000, 0x0000000083100000|  0%| F|  |TAMS 0x0000000083000000, 0x0000000083000000| Untracked 
|  19|0x0000000083100000, 0x0000000083100000, 0x0000000083200000|  0%| F|  |TAMS 0x0000000083100000, 0x0000000083100000| Untracked 
|  20|0x0000000083200000, 0x0000000083200000, 0x0000000083300000|  0%| F|  |TAMS 0x0000000083200000, 0x0000000083200000| Untracked 
|  21|0x0000000083300000, 0x0000000083300000, 0x0000000083400000|  0%| F|  |TAMS 0x0000000083300000, 0x0000000083300000| Untracked 
|  22|0x0000000083400000, 0x0000000083400000, 0x0000000083500000|  0%| F|  |TAMS 0x0000000083400000, 0x0000000083400000| Untracked 
|  23|0x0000000083500000, 0x0000000083500000, 0x0000000083600000|  0%| F|  |TAMS 0x0000000083500000, 0x0000000083500000| Untracked 
|  24|0x0000000083600000, 0x0000000083600000, 0x0000000083700000|  0%| F|  |TAMS 0x0000000083600000, 0x0000000083600000| Untracked 
|  25|0x0000000083700000, 0x0000000083700000, 0x0000000083800000|  0%| F|  |TAMS 0x0000000083700000, 0x0000000083700000| Untracked 
|  26|0x0000000083800000, 0x0000000083800000, 0x0000000083900000|  0%| F|  |TAMS 0x0000000083800000, 0x0000000083800000| Untracked 
|  27|0x0000000083900000, 0x0000000083900000, 0x0000000083a00000|  0%| F|  |TAMS 0x0000000083900000, 0x0000000083900000| Untracked 
|  28|0x0000000083a00000, 0x0000000083a00000, 0x0000000083b00000|  0%| F|  |TAMS 0x0000000083a00000, 0x0000000083a00000| Untracked 
|  29|0x0000000083b00000, 0x0000000083b00000, 0x0000000083c00000|  0%| F|  |TAMS 0x0000000083b00000, 0x0000000083b00000| Untracked 
|  30|0x0000000083c00000, 0x0000000083c00000, 0x0000000083d00000|  0%| F|  |TAMS 0x0000000083c00000, 0x0000000083c00000| Untracked 
|  31|0x0000000083d00000, 0x0000000083d00000, 0x0000000083e00000|  0%| F|  |TAMS 0x0000000083d00000, 0x0000000083d00000| Untracked 
|  32|0x0000000083e00000, 0x0000000083e00000, 0x0000000083f00000|  0%| F|  |TAMS 0x0000000083e00000, 0x0000000083e00000| Untracked 
|  33|0x0000000083f00000, 0x0000000083f00000, 0x0000000084000000|  0%| F|  |TAMS 0x0000000083f00000, 0x0000000083f00000| Untracked 
|  34|0x0000000084000000, 0x0000000084000000, 0x0000000084100000|  0%| F|  |TAMS 0x0000000084000000, 0x0000000084000000| Untracked 
|  35|0x0000000084100000, 0x0000000084100000, 0x0000000084200000|  0%| F|  |TAMS 0x0000000084100000, 0x0000000084100000| Untracked 
|  36|0x0000000084200000, 0x0000000084200000, 0x0000000084300000|  0%| F|  |TAMS 0x0000000084200000, 0x0000000084200000| Untracked 
|  37|0x0000000084300000, 0x0000000084300000, 0x0000000084400000|  0%| F|  |TAMS 0x0000000084300000, 0x0000000084300000| Untracked 
|  38|0x0000000084400000, 0x0000000084400000, 0x0000000084500000|  0%| F|  |TAMS 0x0000000084400000, 0x0000000084400000| Untracked 
|  39|0x0000000084500000, 0x0000000084500000, 0x0000000084600000|  0%| F|  |TAMS 0x0000000084500000, 0x0000000084500000| Untracked 
|  40|0x0000000084600000, 0x0000000084600000, 0x0000000084700000|  0%| F|  |TAMS 0x0000000084600000, 0x0000000084600000| Untracked 
|  41|0x0000000084700000, 0x0000000084700000, 0x0000000084800000|  0%| F|  |TAMS 0x0000000084700000, 0x0000000084700000| Untracked 
|  42|0x0000000084800000, 0x0000000084800000, 0x0000000084900000|  0%| F|  |TAMS 0x0000000084800000, 0x0000000084800000| Untracked 
|  43|0x0000000084900000, 0x0000000084900000, 0x0000000084a00000|  0%| F|  |TAMS 0x0000000084900000, 0x0000000084900000| Untracked 
|  44|0x0000000084a00000, 0x0000000084a00000, 0x0000000084b00000|  0%| F|  |TAMS 0x0000000084a00000, 0x0000000084a00000| Untracked 
|  45|0x0000000084b00000, 0x0000000084b00000, 0x0000000084c00000|  0%| F|  |TAMS 0x0000000084b00000, 0x0000000084b00000| Untracked 
|  46|0x0000000084c00000, 0x0000000084c00000, 0x0000000084d00000|  0%| F|  |TAMS 0x0000000084c00000, 0x0000000084c00000| Untracked 
|  47|0x0000000084d00000, 0x0000000084d00000, 0x0000000084e00000|  0%| F|  |TAMS 0x0000000084d00000, 0x0000000084d00000| Untracked 
|  48|0x0000000084e00000, 0x0000000084e00000, 0x0000000084f00000|  0%| F|  |TAMS 0x0000000084e00000, 0x0000000084e00000| Untracked 
|  49|0x0000000084f00000, 0x0000000084f00000, 0x0000000085000000|  0%| F|  |TAMS 0x0000000084f00000, 0x0000000084f00000| Untracked 
|  50|0x0000000085000000, 0x0000000085000000, 0x0000000085100000|  0%| F|  |TAMS 0x0000000085000000, 0x0000000085000000| Untracked 
|  51|0x0000000085100000, 0x0000000085100000, 0x0000000085200000|  0%| F|  |TAMS 0x0000000085100000, 0x0000000085100000| Untracked 
|  52|0x0000000085200000, 0x0000000085200000, 0x0000000085300000|  0%| F|  |TAMS 0x0000000085200000, 0x0000000085200000| Untracked 
|  53|0x0000000085300000, 0x0000000085300000, 0x0000000085400000|  0%| F|  |TAMS 0x0000000085300000, 0x0000000085300000| Untracked 
|  54|0x0000000085400000, 0x0000000085400000, 0x0000000085500000|  0%| F|  |TAMS 0x0000000085400000, 0x0000000085400000| Untracked 
|  55|0x0000000085500000, 0x0000000085500000, 0x0000000085600000|  0%| F|  |TAMS 0x0000000085500000, 0x0000000085500000| Untracked 
|  56|0x0000000085600000, 0x0000000085600000, 0x0000000085700000|  0%| F|  |TAMS 0x0000000085600000, 0x0000000085600000| Untracked 
|  57|0x0000000085700000, 0x0000000085700000, 0x0000000085800000|  0%| F|  |TAMS 0x0000000085700000, 0x0000000085700000| Untracked 
|  58|0x0000000085800000, 0x0000000085800000, 0x0000000085900000|  0%| F|  |TAMS 0x0000000085800000, 0x0000000085800000| Untracked 
|  59|0x0000000085900000, 0x0000000085900000, 0x0000000085a00000|  0%| F|  |TAMS 0x0000000085900000, 0x0000000085900000| Untracked 
|  60|0x0000000085a00000, 0x0000000085a00000, 0x0000000085b00000|  0%| F|  |TAMS 0x0000000085a00000, 0x0000000085a00000| Untracked 
|  61|0x0000000085b00000, 0x0000000085b00000, 0x0000000085c00000|  0%| F|  |TAMS 0x0000000085b00000, 0x0000000085b00000| Untracked 
|  62|0x0000000085c00000, 0x0000000085c00000, 0x0000000085d00000|  0%| F|  |TAMS 0x0000000085c00000, 0x0000000085c00000| Untracked 
|  63|0x0000000085d00000, 0x0000000085d00000, 0x0000000085e00000|  0%| F|  |TAMS 0x0000000085d00000, 0x0000000085d00000| Untracked 
|  64|0x0000000085e00000, 0x0000000085e00000, 0x0000000085f00000|  0%| F|  |TAMS 0x0000000085e00000, 0x0000000085e00000| Untracked 
|  65|0x0000000085f00000, 0x0000000085f00000, 0x0000000086000000|  0%| F|  |TAMS 0x0000000085f00000, 0x0000000085f00000| Untracked 
|  66|0x0000000086000000, 0x0000000086000000, 0x0000000086100000|  0%| F|  |TAMS 0x0000000086000000, 0x0000000086000000| Untracked 
|  67|0x0000000086100000, 0x0000000086100000, 0x0000000086200000|  0%| F|  |TAMS 0x0000000086100000, 0x0000000086100000| Untracked 
|  68|0x0000000086200000, 0x0000000086200000, 0x0000000086300000|  0%| F|  |TAMS 0x0000000086200000, 0x0000000086200000| Untracked 
|  69|0x0000000086300000, 0x0000000086300000, 0x0000000086400000|  0%| F|  |TAMS 0x0000000086300000, 0x0000000086300000| Untracked 
|  70|0x0000000086400000, 0x0000000086400000, 0x0000000086500000|  0%| F|  |TAMS 0x0000000086400000, 0x0000000086400000| Untracked 
|  71|0x0000000086500000, 0x0000000086500000, 0x0000000086600000|  0%| F|  |TAMS 0x0000000086500000, 0x0000000086500000| Untracked 
|  72|0x0000000086600000, 0x0000000086600000, 0x0000000086700000|  0%| F|  |TAMS 0x0000000086600000, 0x0000000086600000| Untracked 
|  73|0x0000000086700000, 0x0000000086700000, 0x0000000086800000|  0%| F|  |TAMS 0x0000000086700000, 0x0000000086700000| Untracked 
|  74|0x0000000086800000, 0x0000000086800000, 0x0000000086900000|  0%| F|  |TAMS 0x0000000086800000, 0x0000000086800000| Untracked 
|  75|0x0000000086900000, 0x0000000086900000, 0x0000000086a00000|  0%| F|  |TAMS 0x0000000086900000, 0x0000000086900000| Untracked 
|  76|0x0000000086a00000, 0x0000000086a00000, 0x0000000086b00000|  0%| F|  |TAMS 0x0000000086a00000, 0x0000000086a00000| Untracked 
|  77|0x0000000086b00000, 0x0000000086b00000, 0x0000000086c00000|  0%| F|  |TAMS 0x0000000086b00000, 0x0000000086b00000| Untracked 
|  78|0x0000000086c00000, 0x0000000086c00000, 0x0000000086d00000|  0%| F|  |TAMS 0x0000000086c00000, 0x0000000086c00000| Untracked 
|  79|0x0000000086d00000, 0x0000000086d00000, 0x0000000086e00000|  0%| F|  |TAMS 0x0000000086d00000, 0x0000000086d00000| Untracked 
|  80|0x0000000086e00000, 0x0000000086e00000, 0x0000000086f00000|  0%| F|  |TAMS 0x0000000086e00000, 0x0000000086e00000| Untracked 
|  81|0x0000000086f00000, 0x0000000086f00000, 0x0000000087000000|  0%| F|  |TAMS 0x0000000086f00000, 0x0000000086f00000| Untracked 
|  82|0x0000000087000000, 0x0000000087000000, 0x0000000087100000|  0%| F|  |TAMS 0x0000000087000000, 0x0000000087000000| Untracked 
|  83|0x0000000087100000, 0x0000000087100000, 0x0000000087200000|  0%| F|  |TAMS 0x0000000087100000, 0x0000000087100000| Untracked 
|  84|0x0000000087200000, 0x0000000087200000, 0x0000000087300000|  0%| F|  |TAMS 0x0000000087200000, 0x0000000087200000| Untracked 
|  85|0x0000000087300000, 0x0000000087300000, 0x0000000087400000|  0%| F|  |TAMS 0x0000000087300000, 0x0000000087300000| Untracked 
|  86|0x0000000087400000, 0x0000000087400000, 0x0000000087500000|  0%| F|  |TAMS 0x0000000087400000, 0x0000000087400000| Untracked 
|  87|0x0000000087500000, 0x0000000087500800, 0x0000000087600000|  0%| E|  |TAMS 0x0000000087500000, 0x0000000087500000| Complete 
|  88|0x0000000087600000, 0x0000000087700000, 0x0000000087700000|100%| E|CS|TAMS 0x0000000087600000, 0x0000000087600000| Complete 
|  89|0x0000000087700000, 0x0000000087800000, 0x0000000087800000|100%| E|CS|TAMS 0x0000000087700000, 0x0000000087700000| Complete 
|  90|0x0000000087800000, 0x0000000087900000, 0x0000000087900000|100%| S|CS|TAMS 0x0000000087800000, 0x0000000087800000| Complete 
|  91|0x0000000087900000, 0x0000000087a00000, 0x0000000087a00000|100%| S|CS|TAMS 0x0000000087900000, 0x0000000087900000| Complete 
|  92|0x0000000087a00000, 0x0000000087b00000, 0x0000000087b00000|100%| S|CS|TAMS 0x0000000087a00000, 0x0000000087a00000| Complete 
|  93|0x0000000087b00000, 0x0000000087c00000, 0x0000000087c00000|100%| S|CS|TAMS 0x0000000087b00000, 0x0000000087b00000| Complete 
|  94|0x0000000087c00000, 0x0000000087d00000, 0x0000000087d00000|100%| S|CS|TAMS 0x0000000087c00000, 0x0000000087c00000| Complete 
|  95|0x0000000087d00000, 0x0000000087e00000, 0x0000000087e00000|100%| E|CS|TAMS 0x0000000087d00000, 0x0000000087d00000| Complete 
|  96|0x0000000087e00000, 0x0000000087f00000, 0x0000000087f00000|100%| E|CS|TAMS 0x0000000087e00000, 0x0000000087e00000| Complete 
|  97|0x0000000087f00000, 0x0000000088000000, 0x0000000088000000|100%| E|CS|TAMS 0x0000000087f00000, 0x0000000087f00000| Complete 
|  98|0x0000000088000000, 0x0000000088100000, 0x0000000088100000|100%| E|CS|TAMS 0x0000000088000000, 0x0000000088000000| Complete 
|  99|0x0000000088100000, 0x0000000088200000, 0x0000000088200000|100%| E|CS|TAMS 0x0000000088100000, 0x0000000088100000| Complete 
| 100|0x0000000088200000, 0x0000000088300000, 0x0000000088300000|100%| E|CS|TAMS 0x0000000088200000, 0x0000000088200000| Complete 
| 101|0x0000000088300000, 0x0000000088400000, 0x0000000088400000|100%| E|CS|TAMS 0x0000000088300000, 0x0000000088300000| Complete 
| 102|0x0000000088400000, 0x0000000088500000, 0x0000000088500000|100%| E|CS|TAMS 0x0000000088400000, 0x0000000088400000| Complete 
| 103|0x0000000088500000, 0x0000000088600000, 0x0000000088600000|100%| E|CS|TAMS 0x0000000088500000, 0x0000000088500000| Complete 
| 104|0x0000000088600000, 0x0000000088700000, 0x0000000088700000|100%| E|CS|TAMS 0x0000000088600000, 0x0000000088600000| Complete 
| 105|0x0000000088700000, 0x0000000088800000, 0x0000000088800000|100%| E|CS|TAMS 0x0000000088700000, 0x0000000088700000| Complete 
| 106|0x0000000088800000, 0x0000000088900000, 0x0000000088900000|100%| E|CS|TAMS 0x0000000088800000, 0x0000000088800000| Complete 
| 107|0x0000000088900000, 0x0000000088a00000, 0x0000000088a00000|100%| E|CS|TAMS 0x0000000088900000, 0x0000000088900000| Complete 
| 108|0x0000000088a00000, 0x0000000088b00000, 0x0000000088b00000|100%| E|CS|TAMS 0x0000000088a00000, 0x0000000088a00000| Complete 
| 109|0x0000000088b00000, 0x0000000088c00000, 0x0000000088c00000|100%| E|CS|TAMS 0x0000000088b00000, 0x0000000088b00000| Complete 
| 110|0x0000000088c00000, 0x0000000088d00000, 0x0000000088d00000|100%| E|CS|TAMS 0x0000000088c00000, 0x0000000088c00000| Complete 
| 111|0x0000000088d00000, 0x0000000088e00000, 0x0000000088e00000|100%| E|CS|TAMS 0x0000000088d00000, 0x0000000088d00000| Complete 
| 112|0x0000000088e00000, 0x0000000088f00000, 0x0000000088f00000|100%| E|CS|TAMS 0x0000000088e00000, 0x0000000088e00000| Complete 
| 113|0x0000000088f00000, 0x0000000089000000, 0x0000000089000000|100%| E|CS|TAMS 0x0000000088f00000, 0x0000000088f00000| Complete 
| 114|0x0000000089000000, 0x0000000089100000, 0x0000000089100000|100%| E|CS|TAMS 0x0000000089000000, 0x0000000089000000| Complete 
| 115|0x0000000089100000, 0x0000000089200000, 0x0000000089200000|100%| E|CS|TAMS 0x0000000089100000, 0x0000000089100000| Complete 
| 116|0x0000000089200000, 0x0000000089300000, 0x0000000089300000|100%| E|CS|TAMS 0x0000000089200000, 0x0000000089200000| Complete 
| 117|0x0000000089300000, 0x0000000089400000, 0x0000000089400000|100%| E|CS|TAMS 0x0000000089300000, 0x0000000089300000| Complete 
| 118|0x0000000089400000, 0x0000000089500000, 0x0000000089500000|100%| E|CS|TAMS 0x0000000089400000, 0x0000000089400000| Complete 
| 119|0x0000000089500000, 0x0000000089600000, 0x0000000089600000|100%| E|CS|TAMS 0x0000000089500000, 0x0000000089500000| Complete 
| 120|0x0000000089600000, 0x0000000089700000, 0x0000000089700000|100%| E|CS|TAMS 0x0000000089600000, 0x0000000089600000| Complete 
| 121|0x0000000089700000, 0x0000000089800000, 0x0000000089800000|100%| E|CS|TAMS 0x0000000089700000, 0x0000000089700000| Complete 
| 122|0x0000000089800000, 0x0000000089900000, 0x0000000089900000|100%| E|CS|TAMS 0x0000000089800000, 0x0000000089800000| Complete 
| 123|0x0000000089900000, 0x0000000089a00000, 0x0000000089a00000|100%| E|CS|TAMS 0x0000000089900000, 0x0000000089900000| Complete 
| 124|0x0000000089a00000, 0x0000000089b00000, 0x0000000089b00000|100%| E|CS|TAMS 0x0000000089a00000, 0x0000000089a00000| Complete 
| 125|0x0000000089b00000, 0x0000000089c00000, 0x0000000089c00000|100%| E|CS|TAMS 0x0000000089b00000, 0x0000000089b00000| Complete 
| 126|0x0000000089c00000, 0x0000000089d00000, 0x0000000089d00000|100%| E|CS|TAMS 0x0000000089c00000, 0x0000000089c00000| Complete 
| 127|0x0000000089d00000, 0x0000000089e00000, 0x0000000089e00000|100%| E|CS|TAMS 0x0000000089d00000, 0x0000000089d00000| Complete 

Card table byte_map: [0x0000017937f20000,0x0000017938320000] _byte_map_base: 0x0000017937b11000

Marking Bits (Prev, Next): (CMBitMap*) 0x000001791e9c7180, (CMBitMap*) 0x000001791e9c71c0
 Prev Bits: [0x0000017938720000, 0x000001793a6a8000)
 Next Bits: [0x000001793a6b0000, 0x000001793c638000)

Polling page: 0x0000017928080000

Metaspace:

Usage:
  Non-class:     16.97 MB used.
      Class:      2.23 MB used.
       Both:     19.20 MB used.

Virtual space:
  Non-class space:       64.00 MB reserved,      17.12 MB ( 27%) committed,  1 nodes.
      Class space:        1.00 GB reserved,       2.38 MB ( <1%) committed,  1 nodes.
             Both:        1.06 GB reserved,      19.50 MB (  2%) committed. 

Chunk freelists:
   Non-Class:  2.00 MB
       Class:  1.45 MB
        Both:  3.46 MB

MaxMetaspaceSize: unlimited
CompressedClassSpaceSize: 1.00 GB
Initial GC threshold: 21.00 MB
Current GC threshold: 21.00 MB
CDS: on
MetaspaceReclaimPolicy: balanced
 - commit_granule_bytes: 65536.
 - commit_granule_words: 8192.
 - virtual_space_node_default_size: 8388608.
 - enlarge_chunks_in_place: 1.
 - new_chunks_are_fully_committed: 0.
 - uncommit_free_chunks: 1.
 - use_allocation_guard: 0.


Internal statistics:

num_allocs_failed_limit: 0.
num_arena_births: 432.
num_arena_deaths: 0.
num_vsnodes_births: 2.
num_vsnodes_deaths: 0.
num_space_committed: 312.
num_space_uncommitted: 0.
num_chunks_returned_to_freelist: 0.
num_chunks_taken_from_freelist: 901.
num_chunk_merges: 0.
num_chunk_splits: 614.
num_chunks_enlarged: 457.
num_inconsistent_stats: 0.

CodeHeap 'non-profiled nmethods': size=120000Kb used=1270Kb max_used=1270Kb free=118729Kb
 bounds [0x000001792fb70000, 0x000001792fde0000, 0x00000179370a0000]
CodeHeap 'profiled nmethods': size=120000Kb used=5905Kb max_used=5905Kb free=114094Kb
 bounds [0x00000179280a0000, 0x0000017928670000, 0x000001792f5d0000]
CodeHeap 'non-nmethods': size=5760Kb used=1344Kb max_used=1401Kb free=4415Kb
 bounds [0x000001792f5d0000, 0x000001792f840000, 0x000001792fb70000]
 total_blobs=3672 nmethods=3091 adapters=491
 compilation: enabled
              stopped_count=0, restarted_count=0
 full_count=0

Compilation events (20 events):
Event: 44.329 Thread 0x000001793f10ea70 nmethod 3031 0x000001792fca5890 code [0x000001792fca5a20, 0x000001792fca5b98]
Event: 44.329 Thread 0x000001793f10ea70 3033       3       java.util.regex.Pattern::read (33 bytes)
Event: 44.329 Thread 0x000001793f10ea70 nmethod 3033 0x0000017928648590 code [0x0000017928648740, 0x00000179286489a8]
Event: 44.330 Thread 0x000001793f10ea70 3034       3       java.lang.invoke.LambdaForm$MH/0x00000008010a2c00::invoke (110 bytes)
Event: 44.330 Thread 0x000001793f10ea70 nmethod 3034 0x0000017928648b10 code [0x0000017928648d60, 0x0000017928649b68]
Event: 44.330 Thread 0x000001793f10ea70 3036       3       java.util.concurrent.ConcurrentHashMap$EntryIterator::next (5 bytes)
Event: 44.330 Thread 0x000001793f10ea70 nmethod 3036 0x0000017928649e90 code [0x000001792864a040, 0x000001792864a188]
Event: 44.330 Thread 0x000001793f10ea70 3035       3       java.lang.invoke.LambdaForm$MH/0x00000008010a2400::invoke (46 bytes)
Event: 44.331 Thread 0x000001793f10ea70 nmethod 3035 0x000001792864a210 code [0x000001792864a400, 0x000001792864aa28]
Event: 44.337 Thread 0x000001793f10ea70 3040       3       java.util.regex.Matcher::replaceAll (59 bytes)
Event: 44.338 Thread 0x000001793f10ea70 nmethod 3040 0x000001792864ab90 code [0x000001792864ae00, 0x000001792864b6c8]
Event: 44.339 Thread 0x0000017943c37a50 3022       4       java.lang.Character::isHighSurrogate (18 bytes)
Event: 44.339 Thread 0x0000017943c37a50 nmethod 3022 0x000001792fca6210 code [0x000001792fca6380, 0x000001792fca63f8]
Event: 44.339 Thread 0x0000017943c37a50 3027       4       java.util.regex.Pattern$$Lambda$20/0x800000030::is (9 bytes)
Event: 44.339 Thread 0x000001793f10ea70 3041       3       java.util.regex.Pattern$StartS::match (138 bytes)
Event: 44.341 Thread 0x000001793f10ea70 nmethod 3041 0x000001792864ba10 code [0x000001792864bc60, 0x000001792864c778]
Event: 44.341 Thread 0x000001793f10ea70 3042       3       java.lang.invoke.MethodHandles$Lookup::checkMethod (87 bytes)
Event: 44.342 Thread 0x000001793f10ea70 nmethod 3042 0x000001792864ca90 code [0x000001792864ccc0, 0x000001792864d438]
Event: 44.351 Thread 0x0000017943c37a50 nmethod 3027 0x000001792fca6510 code [0x000001792fca6740, 0x000001792fca6e88]
Event: 44.351 Thread 0x0000017943c37a50 3037       4       java.lang.StringConcatHelper::newArray (26 bytes)

GC Heap History (4 events):
Event: 1.826 GC heap before
{Heap before GC invocations=0 (full 0):
 garbage-first heap   total 131072K, used 22528K [0x0000000081e00000, 0x0000000100000000)
  region size 1024K, 23 young (23552K), 0 survivors (0K)
 Metaspace       used 8056K, committed 8384K, reserved 1114112K
  class space    used 889K, committed 1024K, reserved 1048576K
}
Event: 1.830 GC heap after
{Heap after GC invocations=1 (full 0):
 garbage-first heap   total 131072K, used 4852K [0x0000000081e00000, 0x0000000100000000)
  region size 1024K, 3 young (3072K), 3 survivors (3072K)
 Metaspace       used 8056K, committed 8384K, reserved 1114112K
  class space    used 889K, committed 1024K, reserved 1048576K
}
Event: 2.539 GC heap before
{Heap before GC invocations=1 (full 0):
 garbage-first heap   total 131072K, used 34548K [0x0000000081e00000, 0x0000000100000000)
  region size 1024K, 33 young (33792K), 3 survivors (3072K)
 Metaspace       used 12148K, committed 12480K, reserved 1114112K
  class space    used 1281K, committed 1408K, reserved 1048576K
}
Event: 2.549 GC heap after
{Heap after GC invocations=2 (full 0):
 garbage-first heap   total 131072K, used 12195K [0x0000000081e00000, 0x0000000100000000)
  region size 1024K, 5 young (5120K), 5 survivors (5120K)
 Metaspace       used 12148K, committed 12480K, reserved 1114112K
  class space    used 1281K, committed 1408K, reserved 1048576K
}

Dll operation events (9 events):
Event: 0.075 Loaded shared library C:\Program Files\Java\jdk-19\bin\java.dll
Event: 0.239 Loaded shared library C:\Program Files\Java\jdk-19\bin\jsvml.dll
Event: 0.408 Loaded shared library C:\Program Files\Java\jdk-19\bin\net.dll
Event: 0.429 Loaded shared library C:\Program Files\Java\jdk-19\bin\nio.dll
Event: 0.473 Loaded shared library C:\Program Files\Java\jdk-19\bin\zip.dll
Event: 0.752 Loaded shared library C:\Program Files\Java\jdk-19\bin\jimage.dll
Event: 0.828 Loaded shared library C:\Program Files\Java\jdk-19\bin\verify.dll
Event: 1.004 Loaded shared library C:\Program Files\Java\jdk-19\bin\extnet.dll
Event: 2.813 Loaded shared library C:\Program Files\Java\jdk-19\bin\sunmscapi.dll

Deoptimization events (20 events):
Event: 43.997 Thread 0x000001791e9666b0 Uncommon trap: trap_request=0xffffffc6 fr.pc=0x000001792fc86564 relative=0x0000000000000424
Event: 43.997 Thread 0x000001791e9666b0 Uncommon trap: reason=bimorphic_or_optimized_type_check action=maybe_recompile pc=0x000001792fc86564 method=java.util.regex.Matcher.search(I)Z @ 121 c2
Event: 43.997 Thread 0x000001791e9666b0 DEOPT PACKING pc=0x000001792fc86564 sp=0x0000002c187fe580
Event: 43.997 Thread 0x000001791e9666b0 DEOPT UNPACKING pc=0x000001792f636da3 sp=0x0000002c187fe520 mode 2
Event: 44.302 Thread 0x000001791e9666b0 Uncommon trap: trap_request=0xffffffde fr.pc=0x000001792fc9dd80 relative=0x0000000000000a80
Event: 44.302 Thread 0x000001791e9666b0 Uncommon trap: reason=class_check action=maybe_recompile pc=0x000001792fc9dd80 method=java.util.regex.Pattern.lambda$negate$7(Ljava/util/regex/Pattern$CharPredicate;I)Z @ 2 c2
Event: 44.302 Thread 0x000001791e9666b0 DEOPT PACKING pc=0x000001792fc9dd80 sp=0x0000002c187feaa0
Event: 44.302 Thread 0x000001791e9666b0 DEOPT UNPACKING pc=0x000001792f636da3 sp=0x0000002c187fe990 mode 2
Event: 44.302 Thread 0x000001791e9666b0 Uncommon trap: trap_request=0xffffffde fr.pc=0x000001792fc9dd80 relative=0x0000000000000a80
Event: 44.302 Thread 0x000001791e9666b0 Uncommon trap: reason=class_check action=maybe_recompile pc=0x000001792fc9dd80 method=java.util.regex.Pattern.lambda$negate$7(Ljava/util/regex/Pattern$CharPredicate;I)Z @ 2 c2
Event: 44.302 Thread 0x000001791e9666b0 DEOPT PACKING pc=0x000001792fc9dd80 sp=0x0000002c187feaa0
Event: 44.302 Thread 0x000001791e9666b0 DEOPT UNPACKING pc=0x000001792f636da3 sp=0x0000002c187fe990 mode 2
Event: 44.302 Thread 0x000001791e9666b0 Uncommon trap: trap_request=0xffffffde fr.pc=0x000001792fc9dd80 relative=0x0000000000000a80
Event: 44.302 Thread 0x000001791e9666b0 Uncommon trap: reason=class_check action=maybe_recompile pc=0x000001792fc9dd80 method=java.util.regex.Pattern.lambda$negate$7(Ljava/util/regex/Pattern$CharPredicate;I)Z @ 2 c2
Event: 44.302 Thread 0x000001791e9666b0 DEOPT PACKING pc=0x000001792fc9dd80 sp=0x0000002c187feaa0
Event: 44.302 Thread 0x000001791e9666b0 DEOPT UNPACKING pc=0x000001792f636da3 sp=0x0000002c187fe990 mode 2
Event: 44.302 Thread 0x000001791e9666b0 Uncommon trap: trap_request=0xffffffde fr.pc=0x000001792fc9dd80 relative=0x0000000000000a80
Event: 44.302 Thread 0x000001791e9666b0 Uncommon trap: reason=class_check action=maybe_recompile pc=0x000001792fc9dd80 method=java.util.regex.Pattern.lambda$negate$7(Ljava/util/regex/Pattern$CharPredicate;I)Z @ 2 c2
Event: 44.302 Thread 0x000001791e9666b0 DEOPT PACKING pc=0x000001792fc9dd80 sp=0x0000002c187feaa0
Event: 44.302 Thread 0x000001791e9666b0 DEOPT UNPACKING pc=0x000001792f636da3 sp=0x0000002c187fe990 mode 2

Classes loaded (20 events):
Event: 43.736 Loading class java/util/concurrent/ConcurrentHashMap$KeySpliterator done
Event: 43.967 Loading class java/io/FileWriter
Event: 43.967 Loading class java/io/FileWriter done
Event: 43.967 Loading class java/io/FileReader
Event: 43.967 Loading class java/io/FileReader done
Event: 43.969 Loading class java/text/FieldPosition$Delegate
Event: 43.987 Loading class java/text/FieldPosition$Delegate done
Event: 43.989 Loading class java/text/StringCharacterIterator
Event: 43.989 Loading class java/text/CharacterIterator
Event: 43.989 Loading class java/text/CharacterIterator done
Event: 43.989 Loading class java/text/StringCharacterIterator done
Event: 43.990 Loading class java/util/concurrent/ConcurrentLinkedDeque$Itr
Event: 43.992 Loading class java/util/concurrent/ConcurrentLinkedDeque$AbstractItr
Event: 43.993 Loading class java/util/concurrent/ConcurrentLinkedDeque$AbstractItr done
Event: 43.993 Loading class java/util/concurrent/ConcurrentLinkedDeque$Itr done
Event: 44.096 Loading class sun/util/resources/cldr/TimeZoneNames_en_US
Event: 44.096 Loading class sun/util/resources/cldr/TimeZoneNames_en_US done
Event: 44.139 Loading class java/util/Vector$Itr
Event: 44.142 Loading class java/util/Vector$Itr done
Event: 44.342 Loading class java/nio/file/StandardCopyOption

Classes unloaded (0 events):
No events

Classes redefined (0 events):
No events

Internal exceptions (20 events):
Event: 8.117 Thread 0x000001791e9666b0 Exception <a 'java/lang/NoSuchMethodError'{0x0000000088bb4298}: 'java.lang.Object java.lang.invoke.DirectMethodHandle$Holder.invokeStatic(java.lang.Object, java.lang.Object, java.lang.Object, java.lang.Object, int)'> (0x0000000088bb4298) 
thrown [s\open\src\hotspot\share\interpreter\linkResolver.cpp, line 774]
Event: 8.118 Thread 0x000001791e9666b0 Exception <a 'java/lang/NoSuchMethodError'{0x0000000088bc2ce8}: 'float java.lang.invoke.DelegatingMethodHandle$Holder.reinvoke_L(java.lang.Object, java.lang.Object, int)'> (0x0000000088bc2ce8) 
thrown [s\open\src\hotspot\share\interpreter\linkResolver.cpp, line 774]
Event: 8.119 Thread 0x000001791e9666b0 Exception <a 'java/lang/NoSuchMethodError'{0x0000000088bcd028}: 'java.lang.Object java.lang.invoke.DelegatingMethodHandle$Holder.reinvoke_L(java.lang.Object, int, float, int)'> (0x0000000088bcd028) 
thrown [s\open\src\hotspot\share\interpreter\linkResolver.cpp, line 774]
Event: 8.120 Thread 0x000001791e9666b0 Exception <a 'java/lang/NoSuchMethodError'{0x0000000088bdb8e8}: 'java.lang.Object java.lang.invoke.Invokers$Holder.invokeExact_MT(java.lang.Object, java.lang.Object, java.lang.Object, java.lang.Object, java.lang.Object)'> (0x0000000088bdb8e8) 
thrown [s\open\src\hotspot\share\interpreter\linkResolver.cpp, line 774]
Event: 8.126 Thread 0x000001791e9666b0 Exception <a 'java/lang/ClassNotFoundException'{0x0000000088a08530}: com/aventstack/extentreports/StatusBeanInfo> (0x0000000088a08530) 
thrown [s\open\src\hotspot\share\classfile\systemDictionary.cpp, line 255]
Event: 8.126 Thread 0x000001791e9666b0 Exception <a 'java/lang/ClassNotFoundException'{0x0000000088a09250}: java/lang/EnumBeanInfo> (0x0000000088a09250) 
thrown [s\open\src\hotspot\share\classfile\systemDictionary.cpp, line 255]
Event: 8.126 Thread 0x000001791e9666b0 Exception <a 'java/lang/ClassNotFoundException'{0x0000000088a09f30}: java/lang/ObjectBeanInfo> (0x0000000088a09f30) 
thrown [s\open\src\hotspot\share\classfile\systemDictionary.cpp, line 255]
Event: 8.126 Thread 0x000001791e9666b0 Exception <a 'java/lang/ClassNotFoundException'{0x0000000088a0b290}: java/lang/ObjectCustomizer> (0x0000000088a0b290) 
thrown [s\open\src\hotspot\share\classfile\systemDictionary.cpp, line 255]
Event: 8.131 Thread 0x000001791e9666b0 Exception <a 'java/lang/ClassNotFoundException'{0x0000000088a1ab08}: java/lang/EnumCustomizer> (0x0000000088a1ab08) 
thrown [s\open\src\hotspot\share\classfile\systemDictionary.cpp, line 255]
Event: 8.195 Thread 0x000001791e9666b0 Exception <a 'java/lang/ClassNotFoundException'{0x0000000088a2b9a0}: com/aventstack/extentreports/StatusCustomizer> (0x0000000088a2b9a0) 
thrown [s\open\src\hotspot\share\classfile\systemDictionary.cpp, line 255]
Event: 8.266 Thread 0x000001791e9666b0 Exception <a 'java/lang/NoSuchMethodError'{0x0000000088a55d68}: 'int java.lang.invoke.DirectMethodHandle$Holder.invokeStaticInit(java.lang.Object, java.lang.Object, java.lang.Object, java.lang.Object)'> (0x0000000088a55d68) 
thrown [s\open\src\hotspot\share\interpreter\linkResolver.cpp, line 774]
Event: 8.268 Thread 0x000001791e9666b0 Exception <a 'java/lang/NoSuchMethodError'{0x0000000088a616e0}: 'void java.lang.invoke.DirectMethodHandle$Holder.invokeStaticInit(java.lang.Object, java.lang.Object)'> (0x0000000088a616e0) 
thrown [s\open\src\hotspot\share\interpreter\linkResolver.cpp, line 774]
Event: 8.297 Thread 0x000001791e9666b0 Exception <a 'java/lang/NoSuchMethodError'{0x00000000889dfed8}: 'void java.lang.invoke.DirectMethodHandle$Holder.invokeInterface(java.lang.Object, java.lang.Object)'> (0x00000000889dfed8) 
thrown [s\open\src\hotspot\share\interpreter\linkResolver.cpp, line 774]
Event: 8.311 Thread 0x000001791e9666b0 Exception <a 'java/lang/NoSuchMethodError'{0x0000000088871088}: 'long java.lang.invoke.DelegatingMethodHandle$Holder.reinvoke_L(java.lang.Object, java.lang.Object)'> (0x0000000088871088) 
thrown [s\open\src\hotspot\share\interpreter\linkResolver.cpp, line 774]
Event: 8.311 Thread 0x000001791e9666b0 Exception <a 'java/lang/NoSuchMethodError'{0x000000008887b638}: 'void java.lang.invoke.DelegatingMethodHandle$Holder.reinvoke_L(java.lang.Object, java.lang.Object, long)'> (0x000000008887b638) 
thrown [s\open\src\hotspot\share\interpreter\linkResolver.cpp, line 774]
Event: 8.312 Thread 0x000001791e9666b0 Exception <a 'java/lang/NoSuchMethodError'{0x0000000088882628}: 'long java.lang.invoke.Invokers$Holder.invokeExact_MT(java.lang.Object, java.lang.Object, java.lang.Object)'> (0x0000000088882628) 
thrown [s\open\src\hotspot\share\interpreter\linkResolver.cpp, line 774]
Event: 43.612 Thread 0x000001791e9666b0 Exception <a 'java/lang/ClassNotFoundException'{0x0000000087f781a8}: sun/misc/SharedSecrets> (0x0000000087f781a8) 
thrown [s\open\src\hotspot\share\classfile\systemDictionary.cpp, line 255]
Event: 43.612 Thread 0x000001791e9666b0 Implicit null exception at 0x000001792fc82e80 to 0x000001792fc835e4
Event: 44.313 Thread 0x000001791e9666b0 Exception <a 'java/lang/NoSuchMethodError'{0x0000000087db3790}: 'long java.lang.invoke.DirectMethodHandle$Holder.invokeSpecial(java.lang.Object, java.lang.Object, int, java.lang.Object, java.lang.Object)'> (0x0000000087db3790) 
thrown [s\open\src\hotspot\share\interpreter\linkResolver.cpp, line 774]
Event: 44.315 Thread 0x000001791e9666b0 Exception <a 'java/lang/NoSuchMethodError'{0x0000000087dc04d0}: 'java.lang.Object java.lang.invoke.DirectMethodHandle$Holder.invokeSpecial(java.lang.Object, java.lang.Object, int, java.lang.Object, java.lang.Object)'> (0x0000000087dc04d0) 
thrown [s\open\src\hotspot\share\interpreter\linkResolver.cpp, line 774]

VM Operations (20 events):
Event: 15.085 Executing VM operation: Cleanup
Event: 15.085 Executing VM operation: Cleanup done
Event: 18.096 Executing VM operation: Cleanup
Event: 18.096 Executing VM operation: Cleanup done
Event: 22.121 Executing VM operation: Cleanup
Event: 22.122 Executing VM operation: Cleanup done
Event: 24.145 Executing VM operation: Cleanup
Event: 24.145 Executing VM operation: Cleanup done
Event: 26.157 Executing VM operation: Cleanup
Event: 26.158 Executing VM operation: Cleanup done
Event: 28.182 Executing VM operation: Cleanup
Event: 28.182 Executing VM operation: Cleanup done
Event: 30.209 Executing VM operation: Cleanup
Event: 30.209 Executing VM operation: Cleanup done
Event: 38.272 Executing VM operation: Cleanup
Event: 38.272 Executing VM operation: Cleanup done
Event: 43.314 Executing VM operation: Cleanup
Event: 43.314 Executing VM operation: Cleanup done
Event: 44.314 Executing VM operation: Cleanup
Event: 44.314 Executing VM operation: Cleanup done

Events (20 events):
Event: 2.224 Thread 0x00000179443f4940 Thread added: 0x00000179443f4940
Event: 2.225 Thread 0x00000179443b26f0 Thread added: 0x00000179443b26f0
Event: 2.871 Thread 0x0000017944361960 Thread added: 0x0000017944361960
Event: 2.927 Thread 0x0000017944421fd0 Thread added: 0x0000017944421fd0
Event: 2.940 Thread 0x0000017944a1fea0 Thread added: 0x0000017944a1fea0
Event: 2.940 Thread 0x00000179445bf5b0 Thread added: 0x00000179445bf5b0
Event: 3.145 Thread 0x00000179443b26f0 Thread exited: 0x00000179443b26f0
Event: 3.145 Thread 0x00000179443f4940 Thread exited: 0x00000179443f4940
Event: 3.395 Thread 0x00000179445be070 Thread added: 0x00000179445be070
Event: 3.580 Thread 0x0000017944719010 Thread added: 0x0000017944719010
Event: 3.608 Thread 0x00000179445be5c0 Thread added: 0x00000179445be5c0
Event: 3.611 Thread 0x00000179445beb10 Thread added: 0x00000179445beb10
Event: 5.951 Thread 0x0000017944719010 Thread exited: 0x0000017944719010
Event: 8.399 Thread 0x00000179445be070 Thread exited: 0x00000179445be070
Event: 8.787 Thread 0x0000017943c3a650 Thread added: 0x0000017943c3a650
Event: 10.937 Thread 0x0000017943c3a650 Thread exited: 0x0000017943c3a650
Event: 44.003 Thread 0x00000179448df120 Thread added: 0x00000179448df120
Event: 44.125 Thread 0x00000179436ee800 Thread exited: 0x00000179436ee800
Event: 44.290 Thread 0x00000179448df120 Thread exited: 0x00000179448df120
Event: 44.338 Thread 0x0000017943c37a50 Thread added: 0x0000017943c37a50


Dynamic libraries:
0x00007ff764ea0000 - 0x00007ff764eb0000 	C:\Program Files\Java\jdk-19\bin\javaw.exe
0x00007fffc2c70000 - 0x00007fffc2e68000 	C:\WINDOWS\SYSTEM32\ntdll.dll
0x00007fffc29c0000 - 0x00007fffc2a7f000 	C:\WINDOWS\System32\KERNEL32.DLL
0x00007fffc09e0000 - 0x00007fffc0cb2000 	C:\WINDOWS\System32\KERNELBASE.dll
0x00007fffc04d0000 - 0x00007fffc05d0000 	C:\WINDOWS\System32\ucrtbase.dll
0x00007fffb4530000 - 0x00007fffb454b000 	C:\Program Files\Java\jdk-19\bin\VCRUNTIME140.dll
0x00007fffb7d90000 - 0x00007fffb7da8000 	C:\Program Files\Java\jdk-19\bin\jli.dll
0x00007fffc0d80000 - 0x00007fffc0e2e000 	C:\WINDOWS\System32\ADVAPI32.dll
0x00007fffc0cc0000 - 0x00007fffc0d5e000 	C:\WINDOWS\System32\msvcrt.dll
0x00007fffc1cc0000 - 0x00007fffc1d5c000 	C:\WINDOWS\System32\sechost.dll
0x00007fffc1890000 - 0x00007fffc19b4000 	C:\WINDOWS\System32\RPCRT4.dll
0x00007fffc2a80000 - 0x00007fffc2c21000 	C:\WINDOWS\System32\USER32.dll
0x00007fffc0750000 - 0x00007fffc0772000 	C:\WINDOWS\System32\win32u.dll
0x00007fffb5d80000 - 0x00007fffb601a000 	C:\WINDOWS\WinSxS\amd64_microsoft.windows.common-controls_6595b64144ccf1df_6.0.19041.1110_none_60b5254171f9507e\COMCTL32.dll
0x00007fffc1730000 - 0x00007fffc175b000 	C:\WINDOWS\System32\GDI32.dll
0x00007fffc0780000 - 0x00007fffc088f000 	C:\WINDOWS\System32\gdi32full.dll
0x00007fffc0890000 - 0x00007fffc092d000 	C:\WINDOWS\System32\msvcp_win.dll
0x00007fffbcd70000 - 0x00007fffbcd7a000 	C:\WINDOWS\SYSTEM32\VERSION.dll
0x00007fffc1de0000 - 0x00007fffc1e10000 	C:\WINDOWS\System32\IMM32.DLL
0x00007fffa6740000 - 0x00007fffa674c000 	C:\Program Files\Java\jdk-19\bin\vcruntime140_1.dll
0x00007fffa5d00000 - 0x00007fffa5d8e000 	C:\Program Files\Java\jdk-19\bin\msvcp140.dll
0x00007fff483d0000 - 0x00007fff49090000 	C:\Program Files\Java\jdk-19\bin\server\jvm.dll
0x00007fffa7e90000 - 0x00007fffa7e99000 	C:\WINDOWS\SYSTEM32\WSOCK32.dll
0x00007fffbd510000 - 0x00007fffbd537000 	C:\WINDOWS\SYSTEM32\WINMM.dll
0x00007fffc19c0000 - 0x00007fffc1a2b000 	C:\WINDOWS\System32\WS2_32.dll
0x00007fffbebc0000 - 0x00007fffbebd2000 	C:\WINDOWS\SYSTEM32\kernel.appcore.dll
0x00007fffa6570000 - 0x00007fffa657a000 	C:\Program Files\Java\jdk-19\bin\jimage.dll
0x00007fffbd920000 - 0x00007fffbdb04000 	C:\WINDOWS\SYSTEM32\DBGHELP.DLL
0x00007fffad0b0000 - 0x00007fffad0e5000 	C:\WINDOWS\SYSTEM32\dbgcore.DLL
0x00007fffc0640000 - 0x00007fffc06c2000 	C:\WINDOWS\System32\bcryptPrimitives.dll
0x00007fff97bf0000 - 0x00007fff97c16000 	C:\Program Files\Java\jdk-19\bin\java.dll
0x00007fff6d530000 - 0x00007fff6d607000 	C:\Program Files\Java\jdk-19\bin\jsvml.dll
0x00007fffc21a0000 - 0x00007fffc28e5000 	C:\WINDOWS\System32\SHELL32.dll
0x00007fffbe410000 - 0x00007fffbeba2000 	C:\WINDOWS\SYSTEM32\windows.storage.dll
0x00007fffc0f40000 - 0x00007fffc1295000 	C:\WINDOWS\System32\combase.dll
0x00007fffbfcf0000 - 0x00007fffbfd20000 	C:\WINDOWS\SYSTEM32\Wldp.dll
0x00007fffc0e30000 - 0x00007fffc0edd000 	C:\WINDOWS\System32\SHCORE.dll
0x00007fffc2140000 - 0x00007fffc2195000 	C:\WINDOWS\System32\shlwapi.dll
0x00007fffc02b0000 - 0x00007fffc02cf000 	C:\WINDOWS\SYSTEM32\profapi.dll
0x00007fff938f0000 - 0x00007fff93903000 	C:\Program Files\Java\jdk-19\bin\net.dll
0x00007fffb7520000 - 0x00007fffb762a000 	C:\WINDOWS\SYSTEM32\WINHTTP.dll
0x00007fffbfa50000 - 0x00007fffbfaba000 	C:\WINDOWS\system32\mswsock.dll
0x00007fff93630000 - 0x00007fff93646000 	C:\Program Files\Java\jdk-19\bin\nio.dll
0x00007fff92160000 - 0x00007fff92178000 	C:\Program Files\Java\jdk-19\bin\zip.dll
0x00007fffbca40000 - 0x00007fffbca50000 	C:\Program Files\Java\jdk-19\bin\verify.dll
0x00007fffbf780000 - 0x00007fffbf84b000 	C:\WINDOWS\SYSTEM32\DNSAPI.dll
0x00007fffbf740000 - 0x00007fffbf77b000 	C:\WINDOWS\SYSTEM32\IPHLPAPI.DLL
0x00007fffc12a0000 - 0x00007fffc12a8000 	C:\WINDOWS\System32\NSI.dll
0x00007fffb74c0000 - 0x00007fffb74ca000 	C:\Windows\System32\rasadhlp.dll
0x00007fffb7800000 - 0x00007fffb7880000 	C:\WINDOWS\System32\fwpuclnt.dll
0x00007fffc0720000 - 0x00007fffc0747000 	C:\WINDOWS\System32\bcrypt.dll
0x00007fffbb350000 - 0x00007fffbb358000 	C:\Program Files\Java\jdk-19\bin\extnet.dll
0x00007fffbfc40000 - 0x00007fffbfc58000 	C:\WINDOWS\SYSTEM32\CRYPTSP.dll
0x00007fffbf370000 - 0x00007fffbf3a4000 	C:\WINDOWS\system32\rsaenh.dll
0x00007fffc0230000 - 0x00007fffc025e000 	C:\WINDOWS\SYSTEM32\USERENV.dll
0x00007fffbfc60000 - 0x00007fffbfc6c000 	C:\WINDOWS\SYSTEM32\CRYPTBASE.dll
0x00007fffb74f0000 - 0x00007fffb7507000 	C:\WINDOWS\SYSTEM32\dhcpcsvc6.DLL
0x00007fffb74d0000 - 0x00007fffb74ed000 	C:\WINDOWS\SYSTEM32\dhcpcsvc.DLL
0x00007fffbc9e0000 - 0x00007fffbc9ee000 	C:\Program Files\Java\jdk-19\bin\sunmscapi.dll
0x00007fffc0370000 - 0x00007fffc04c6000 	C:\WINDOWS\System32\CRYPT32.dll
0x00007fffbfd60000 - 0x00007fffbfd87000 	C:\WINDOWS\SYSTEM32\ncrypt.dll
0x00007fffbfd20000 - 0x00007fffbfd5b000 	C:\WINDOWS\SYSTEM32\NTASN1.dll
0x00007fffb7e60000 - 0x00007fffb7e77000 	C:\WINDOWS\system32\napinsp.dll
0x00007fffb6bd0000 - 0x00007fffb6beb000 	C:\WINDOWS\system32\pnrpnsp.dll
0x00007fffb4b50000 - 0x00007fffb4b65000 	C:\WINDOWS\system32\wshbth.dll
0x00007fffbc290000 - 0x00007fffbc2ad000 	C:\WINDOWS\system32\NLAapi.dll
0x00007fffb3a30000 - 0x00007fffb3a42000 	C:\WINDOWS\System32\winrnr.dll

dbghelp: loaded successfully - version: 4.0.5 - missing functions: none
symbol engine: initialized successfully - sym options: 0x614 - pdb path: .;C:\Program Files\Java\jdk-19\bin;C:\WINDOWS\SYSTEM32;C:\WINDOWS\WinSxS\amd64_microsoft.windows.common-controls_6595b64144ccf1df_6.0.19041.1110_none_60b5254171f9507e;C:\Program Files\Java\jdk-19\bin\server

VM Arguments:
jvm_args: -ea -Dfile.encoding=UTF-8 -XX:+ShowCodeDetailsInExceptionMessages 
java_command: org.testng.remote.RemoteTestNG -serport 49585 -protocol json -d C:\Users\Rajesh\Documents\workspace-spring-tool-suite-4-4.16.0.RELEASE\dipali1\test-output C:\Users\Rajesh\AppData\Local\Temp\testng-eclipse-660815059\testng-customsuite.xml
java_class_path (initial): C:\Users\Rajesh\eclipse\java-2022-12\eclipse\configuration\org.eclipse.osgi\436\0\.cp\lib\testng-remote.jar;C:\Users\Rajesh\Documents\workspace-spring-tool-suite-4-4.16.0.RELEASE\dipali1\target\test-classes;C:\Users\Rajesh\Documents\workspace-spring-tool-suite-4-4.16.0.RELEASE\dipali1\target\classes;C:\Users\Rajesh\.m2\repository\io\github\bonigarcia\webdrivermanager\5.3.0\webdrivermanager-5.3.0.jar;C:\Users\Rajesh\.m2\repository\org\slf4j\slf4j-api\1.7.36\slf4j-api-1.7.36.jar;C:\Users\Rajesh\.m2\repository\com\google\code\gson\gson\2.9.1\gson-2.9.1.jar;C:\Users\Rajesh\.m2\repository\com\github\docker-java\docker-java\3.2.13\docker-java-3.2.13.jar;C:\Users\Rajesh\.m2\repository\com\github\docker-java\docker-java-core\3.2.13\docker-java-core-3.2.13.jar;C:\Users\Rajesh\.m2\repository\com\github\docker-java\docker-java-api\3.2.13\docker-java-api-3.2.13.jar;C:\Users\Rajesh\.m2\repository\com\fasterxml\jackson\core\jackson-annotations\2.10.3\jackson-annotations-2.10.3.jar;C:\Users\Rajesh\.m2\repository\commons-io\commons-io\2.6\commons-io-2.6.jar;C:\Users\Rajesh\.m2\repository\org\apache\commons\commons-compress\1.21\commons-compress-1.21.jar;C:\Users\Rajesh\.m2\repository\com\fasterxml\jackson\core\jackson-databind\2.10.3\jackson-databind-2.10.3.jar;C:\Users\Rajesh\.m2\repository\com\fasterxml\jackson\core\jackson-core\2.10.3\jackson-core-2.10.3.jar;C:\Users\Rajesh\.m2\repository\org\bouncycastle\bcpkix-jdk15on\1.64\bcpkix-jdk15on-1.64.jar;C:\Users\Rajesh\.m2\repository\org\bouncycastle\bcprov-jdk15on\1.64\bcprov-jdk15on-1.64.jar;C:\Users\Rajesh\.m2\repository\org\slf4j\jcl-over-slf4j\1.7.30\jcl-over-slf4j-1.7.30.jar;C:\Users\Rajesh\.m2\repository\com\github\docker-java\docker-java-transport-httpclient5\3.2.13\docker-java-transport-httpclient5-3.2.13.jar;C:\Users\Rajesh\.m2\repository\com\github\docker-java\docker-java-transport\3.2.13\docker-java-transport-3.2.13.jar;C:\Users\Rajesh\.m2\repository\net\java\dev\jna\jna\5.8.0\jna-5.8.0.jar;C:\Users\Rajesh\.m2\repository\org\brotli\dec\0.1.2\dec-0.1.2.jar;C:\Users\Rajesh\.m2\repository\org\apache\commons\commons-lang3\3.12.0\commons-lang3-3.12.0.jar;C:\Users\Rajesh\.m2\repository\org\apache\httpcomponents\client5\httpclient5\5.1.3\httpclient5-5.1.3.jar;C:\Users\Rajesh\.m2\repository\org\apache\httpcomponents\core5\httpcore5\5.1.3\httpcore5-5.1.3.jar;C:\Users\Rajesh\.m2\repository\org\apache\httpcomponents\core5\httpcore5-h2\5.1.3\httpcore5-h2-5.1.3.jar;C:\Users\Rajesh\.m2\repository\commons-codec\commons-codec\1.15\commons-codec-1.15.jar;C:\Users\Rajesh\.m2\repository\org\testng\testng\7.7.1\testng-7.7.1.jar;C:\Users\Rajesh\.m2\repository\com\beust\jcommander\1.82\jcommander-1.82.jar;C:\Users\Rajesh\.m2\repository\org\webjars\jquery\3.6.1\jquery-3.6.1.jar;C:\Users\Rajesh\.m2\repository\org\seleniumhq\selenium\selenium-java\3.141.59\selenium-java-3.141.59.jar;C:\Users\Rajesh\.m2\repository\org\seleniumhq\selenium\selenium-api\3.141.59\selenium-api-3.141.59.jar;C:\Users\Rajesh\.m2\repository\org\seleniumhq\selenium\selenium-chrome-driver\3.141.59\selenium-chrome-driver-3.141.59.jar;C:\Users\Rajesh\.m2\repository\org\seleniumhq\selenium\selenium-edge-driver\3.141.59\selenium-edge-driver-3.141.59.jar;C:\Users\Rajesh\.m2\repository\org\seleniumhq\selenium\selenium-firefox-driver\3.141.59\selenium-firefox-driver-3.141.59.jar;C:\Users\Rajesh\.m2\repository\org\seleniumhq\selenium\selenium-ie-driver\3.141.59\selenium-ie-driver-3.141.59.jar;C:\Users\Rajesh\.m2\repository\org\seleniumhq\selenium\selenium-opera-driver\3.141.59\selenium-opera-driver-3.141.59.jar;C:\Users\Rajesh\.m2\repository\org\seleniumhq\selenium\selenium-remote-driver\3.141.59\selenium-remote-driver-3.141.59.jar;C:\Users\Rajesh\.m2\repository\org\seleniumhq\selenium\selenium-safari-driver\3.141.59\selenium-safari-driver-3.141.59.jar;C:\Users\Rajesh\.m2\repository\org\seleniumhq\selenium\selenium-support\3.141.59\selenium-support-3.141.59.jar;C:\Users\Rajesh\.m2\repository\net\bytebuddy\byte-buddy\1.8.15\byte-buddy-1.8.15.jar;C:\Users\Rajesh\.m2\repository\org\apache\commons\commons-exec\1.3\commons-exec-1.3.jar;C:\Users\Rajesh\.m2\repository\com\google\guava\guava\25.0-jre\guava-25.0-jre.jar;C:\Users\Rajesh\.m2\repository\com\google\code\findbugs\jsr305\1.3.9\jsr305-1.3.9.jar;C:\Users\Rajesh\.m2\repository\org\checkerframework\checker-compat-qual\2.0.0\checker-compat-qual-2.0.0.jar;C:\Users\Rajesh\.m2\repository\com\google\errorprone\error_prone_annotations\2.1.3\error_prone_annotations-2.1.3.jar;C:\Users\Rajesh\.m2\repository\com\google\j2objc\j2objc-annotations\1.1\j2objc-annotations-1.1.jar;C:\Users\Rajesh\.m2\repository\org\codehaus\mojo\animal-sniffer-annotations\1.14\animal-sniffer-annotations-1.14.jar;C:\Users\Rajesh\.m2\repository\com\squareup\okhttp3\okhttp\3.11.0\okhttp-3.11.0.jar;C:\Users\Rajesh\.m2\repository\com\squareup\okio\okio\1.14.0\okio-1.14.0.jar;C:\Users\Rajesh\.m2\repository\com\aventstack\extentreports\3.1.5\extentreports-3.1.5.jar;C:\Users\Rajesh\.m2\repository\org\freemarker\freemarker\2.3.23\freemarker-2.3.23.jar;C:\Users\Rajesh\.m2\repository\org\mongodb\mongodb-driver\3.3.0\mongodb-driver-3.3.0.jar;C:\Users\Rajesh\.m2\repository\org\mongodb\bson\3.3.0\bson-3.3.0.jar;C:\Users\Rajesh\.m2\repository\org\mongodb\mongodb-driver-core\3.3.0\mongodb-driver-core-3.3.0.jar;C:\Users\Rajesh\.m2\repository\org\apache\httpcomponents\httpclient\4.5.2\httpclient-4.5.2.jar;C:\Users\Rajesh\.m2\repository\org\apache\httpcomponents\httpcore\4.4.4\httpcore-4.4.4.jar;C:\Users\Rajesh\.m2\repository\commons-logging\commons-logging\1.2\commons-logging-1.2.jar;C:\Users\Rajesh\.m2\repository\org\apache\httpcomponents\httpmime\4.5.2\httpmime-4.5.2.jar;C:\Users\Rajesh\.m2\repository\org\jsoup\jsoup\1.9.2\jsoup-1.9.2.jar
Launcher Type: SUN_STANDARD

[Global flags]
     intx CICompilerCount                          = 4                                         {product} {ergonomic}
     uint ConcGCThreads                            = 2                                         {product} {ergonomic}
     uint G1ConcRefinementThreads                  = 8                                         {product} {ergonomic}
   size_t G1HeapRegionSize                         = 1048576                                   {product} {ergonomic}
    uintx GCDrainStackTargetSize                   = 64                                        {product} {ergonomic}
   size_t InitialHeapSize                          = 134217728                                 {product} {ergonomic}
   size_t MarkStackSize                            = 4194304                                   {product} {ergonomic}
   size_t MaxHeapSize                              = 2116026368                                {product} {ergonomic}
   size_t MaxNewSize                               = 1268776960                                {product} {ergonomic}
   size_t MinHeapDeltaBytes                        = 1048576                                   {product} {ergonomic}
   size_t MinHeapSize                              = 8388608                                   {product} {ergonomic}
    uintx NonNMethodCodeHeapSize                   = 5839372                                {pd product} {ergonomic}
    uintx NonProfiledCodeHeapSize                  = 122909434                              {pd product} {ergonomic}
    uintx ProfiledCodeHeapSize                     = 122909434                              {pd product} {ergonomic}
    uintx ReservedCodeCacheSize                    = 251658240                              {pd product} {ergonomic}
     bool SegmentedCodeCache                       = true                                      {product} {ergonomic}
     bool ShowCodeDetailsInExceptionMessages       = true                                   {manageable} {command line}
   size_t SoftMaxHeapSize                          = 2116026368                             {manageable} {ergonomic}
     bool UseCompressedClassPointers               = true                           {product lp64_product} {ergonomic}
     bool UseCompressedOops                        = true                           {product lp64_product} {ergonomic}
     bool UseG1GC                                  = true                                      {product} {ergonomic}
     bool UseLargePagesIndividualAllocation        = false                                  {pd product} {ergonomic}

Logging:
Log output configuration:
 #0: stdout all=warning uptime,level,tags foldmultilines=false
 #1: stderr all=off uptime,level,tags foldmultilines=false

Environment Variables:
JAVA_HOME=C:\Program Files\Java\jdk
PATH=C:/Program Files/Java/jdk-19/bin/server;C:/Program Files/Java/jdk-19/bin;C:\Program Files\Java\jdk-19\bin;C:\Program Files\Java\jre1.8.0_361\bin;C:\Program Files\Common Files\Oracle\Java\javapath;C:\Program Files (x86)\Common Files\Oracle\Java\javapath;C:\Program Files (x86)\Intel\Intel(R) Management Engine Components\iCLS\;C:\Program Files\Intel\Intel(R) Management Engine Components\iCLS\;C:\Windows\system32;C:\Windows;C:\Windows\System32\Wbem;C:\Windows\System32\WindowsPowerShell\v1.0\;C:\Program Files (x86)\NVIDIA Corporation\PhysX\Common;C:\WINDOWS\system32;C:\WINDOWS;C:\WINDOWS\System32\Wbem;C:\WINDOWS\System32\WindowsPowerShell\v1.0\;C:\WINDOWS\System32\OpenSSH\;c:\Program Files (x86)\Intel\Intel(R) Management Engine Components\DAL;c:\Program Files\Intel\Intel(R) Management Engine Components\DAL;c:\Program Files (x86)\Intel\Intel(R) Management Engine Components\IPT;c:\Program Files\Intel\Intel(R) Management Engine Components\IPT;C:\Program Files\Java\jdk-19\bin;C:\Program Files\Git\cmd;C:\Users\Rajesh\AppData\Local\Microsoft\WindowsApps;;C:\Program Files\JetBrains\IntelliJ IDEA Community Edition 2022.3.2\bin;;C:\Users\Rajesh\Desktop;
USERNAME=Rajesh
OS=Windows_NT
PROCESSOR_IDENTIFIER=Intel64 Family 6 Model 142 Stepping 10, GenuineIntel
TMP=C:\Users\Rajesh\AppData\Local\Temp
TEMP=C:\Users\Rajesh\AppData\Local\Temp



---------------  S Y S T E M  ---------------

OS:
 Windows 10 , 64 bit Build 19041 (10.0.19041.2546)
OS uptime: 1 days 5:20 hours

CPU: total 8 (initial active 8) (4 cores per cpu, 2 threads per core) family 6 model 142 stepping 10 microcode 0xd6, cx8, cmov, fxsr, ht, mmx, 3dnowpref, sse, sse2, sse3, ssse3, sse4.1, sse4.2, popcnt, lzcnt, tsc, tscinvbit, avx, avx2, aes, erms, clmul, bmi1, bmi2, adx, fma, vzeroupper, clflush, clflushopt, rdtscp

Memory: 4k page, system-wide physical 8066M (902M free)
TotalPageFile size 9970M (AvailPageFile size 384M)
current process WorkingSet (physical memory assigned to process): 125M, peak: 129M
current process commit charge ("private bytes"): 249M, peak: 256M

vm_info: Java HotSpot(TM) 64-Bit Server VM (19.0.2+7-44) for windows-amd64 JRE (19.0.2+7-44), built on 2022-11-30T18:02:09Z by "mach5one" with MS VC++ 17.1 (VS2022)

END.
